{"level":"info","message":"server listening on PORT","timestamp":"2024-03-29T10:22:50.770Z"}
{"level":"error","message":"db connection error","timestamp":"2024-03-29T10:22:50.790Z"}
{"level":"info","message":"server listening on PORT","timestamp":"2024-03-29T10:23:15.126Z"}
{"level":"error","message":"db connection error","timestamp":"2024-03-29T10:23:15.141Z"}
{"level":"info","message":"server listening on PORT","timestamp":"2024-03-29T10:23:34.768Z"}
{"level":"error","message":"db connection error","timestamp":"2024-03-29T10:23:34.784Z"}
{"level":"info","message":"server listening on PORT","timestamp":"2024-03-29T10:28:45.470Z"}
{"level":"error","message":"db connection error","timestamp":"2024-03-29T10:28:45.502Z"}
{"level":"info","message":"server listening on PORT","timestamp":"2024-03-29T10:28:55.200Z"}
{"level":"error","message":"db connection error","timestamp":"2024-03-29T10:28:55.242Z"}
{"level":"info","message":"server listening on PORT","timestamp":"2024-03-29T10:29:05.993Z"}
{"level":"error","message":"db connection error","timestamp":"2024-03-29T10:29:06.023Z"}
{"level":"info","message":"server listening on PORT","timestamp":"2024-03-29T10:35:51.431Z"}
{"level":"info","message":"db connection established","timestamp":"2024-03-29T10:35:52.612Z"}
{"level":"info","message":"Server running on port 5000","timestamp":"2024-03-29T10:42:18.547Z"}
{"level":"info","message":"db connection established","timestamp":"2024-03-29T10:42:28.231Z"}
{"level":"info","message":"MongoDB connected","timestamp":"2024-03-29T10:42:28.232Z"}
{"level":"info","message":"Server running on port 5000","timestamp":"2024-03-29T10:48:22.149Z"}
{"level":"info","message":"db connection established","timestamp":"2024-03-29T10:48:22.855Z"}
{"level":"info","message":"MongoDB connected","timestamp":"2024-03-29T10:48:22.857Z"}
{"level":"info","message":"Server running on port 5000","timestamp":"2024-03-29T10:51:34.837Z"}
{"level":"info","message":"db connection established","timestamp":"2024-03-29T10:51:35.325Z"}
{"level":"info","message":"MongoDB connected","timestamp":"2024-03-29T10:51:35.326Z"}
{"level":"info","message":"A user connected","timestamp":"2024-03-29T10:51:38.933Z"}
{"level":"info","message":"A user disconnected","timestamp":"2024-03-29T10:51:40.432Z"}
{"level":"info","message":"A user connected","timestamp":"2024-03-29T10:51:40.711Z"}
{"level":"info","message":"A user disconnected","timestamp":"2024-03-29T10:51:54.978Z"}
{"level":"info","message":"A user connected","timestamp":"2024-03-29T10:51:55.179Z"}
{"level":"info","message":"Server running on port 5000","timestamp":"2024-03-29T10:53:22.635Z"}
{"level":"info","message":"A user connected","timestamp":"2024-03-29T10:53:22.754Z"}
{"level":"info","message":"db connection established","timestamp":"2024-03-29T10:53:22.962Z"}
{"level":"info","message":"MongoDB connected","timestamp":"2024-03-29T10:53:22.962Z"}
{"level":"info","message":"A user disconnected","timestamp":"2024-03-29T10:53:26.326Z"}
{"level":"info","message":"A user connected","timestamp":"2024-03-29T10:53:26.604Z"}
{"level":"info","message":"A user disconnected","timestamp":"2024-03-29T10:54:09.415Z"}
{"level":"info","message":"A user connected","timestamp":"2024-03-29T11:01:12.322Z"}
{"level":"info","message":"A user disconnected","timestamp":"2024-03-29T11:01:50.015Z"}
{"level":"info","message":"A user connected","timestamp":"2024-03-29T11:01:50.272Z"}
{"level":"info","message":"A user disconnected","timestamp":"2024-03-29T11:02:46.135Z"}
{"level":"info","message":"A user connected","timestamp":"2024-03-29T11:02:46.618Z"}
{"level":"info","message":"Server running on port 5000","timestamp":"2024-03-29T11:04:29.541Z"}
{"level":"info","message":"db connection established","timestamp":"2024-03-29T11:04:30.084Z"}
{"level":"info","message":"MongoDB connected","timestamp":"2024-03-29T11:04:30.085Z"}
{"level":"info","message":"Server running on port 5000","timestamp":"2024-03-29T11:05:35.171Z"}
{"level":"info","message":"db connection established","timestamp":"2024-03-29T11:05:35.734Z"}
{"level":"info","message":"MongoDB connected","timestamp":"2024-03-29T11:05:35.735Z"}
{"level":"info","message":"A user connected","timestamp":"2024-03-29T11:05:36.633Z"}
{"level":"info","message":"A user connected","timestamp":"2024-03-29T11:05:37.099Z"}
{"level":"info","message":"A user disconnected","timestamp":"2024-03-29T11:05:47.176Z"}
{"level":"info","message":"A user connected","timestamp":"2024-03-29T11:05:47.652Z"}
{"level":"info","message":"A user disconnected","timestamp":"2024-03-29T11:06:03.115Z"}
{"level":"info","message":"A user connected","timestamp":"2024-03-29T11:06:03.332Z"}
{"level":"info","message":"A user disconnected","timestamp":"2024-03-29T11:07:07.025Z"}
{"level":"info","message":"A user disconnected","timestamp":"2024-03-29T11:07:09.602Z"}
{"level":"info","message":"A user connected","timestamp":"2024-03-29T11:07:09.922Z"}
{"level":"info","message":"Server running on port 5000","timestamp":"2024-03-29T11:07:37.763Z"}
{"level":"info","message":"A user connected","timestamp":"2024-03-29T11:07:37.869Z"}
{"level":"info","message":"db connection established","timestamp":"2024-03-29T11:07:38.016Z"}
{"level":"info","message":"MongoDB connected","timestamp":"2024-03-29T11:07:38.017Z"}
{"level":"info","message":"A user disconnected","timestamp":"2024-03-29T11:07:39.381Z"}
{"level":"info","message":"A user connected","timestamp":"2024-03-29T11:07:40.045Z"}
{"level":"info","message":"A user disconnected","timestamp":"2024-03-29T11:07:45.234Z"}
{"level":"info","message":"A user connected","timestamp":"2024-03-29T11:07:46.303Z"}
{"level":"info","message":"A user disconnected","timestamp":"2024-03-29T11:08:37.386Z"}
{"level":"info","message":"A user connected","timestamp":"2024-03-29T11:08:37.576Z"}
{"level":"info","message":"A user connected","timestamp":"2024-03-29T11:25:43.764Z"}
{"level":"info","message":"A user disconnected","timestamp":"2024-03-29T11:40:28.575Z"}
{"level":"info","message":"A user connected","timestamp":"2024-03-29T11:40:29.032Z"}
{"level":"info","message":"A user disconnected","timestamp":"2024-03-29T11:41:11.713Z"}
{"level":"info","message":"A user connected","timestamp":"2024-03-29T11:41:12.142Z"}
{"level":"info","message":"A user disconnected","timestamp":"2024-03-29T11:43:33.710Z"}
{"level":"info","message":"A user connected","timestamp":"2024-03-29T11:43:33.952Z"}
{"level":"info","message":"Server running on port 5000","timestamp":"2024-03-29T11:43:44.290Z"}
{"level":"info","message":"A user connected","timestamp":"2024-03-29T11:43:44.329Z"}
{"level":"info","message":"A user connected","timestamp":"2024-03-29T11:43:44.590Z"}
{"level":"info","message":"db connection established","timestamp":"2024-03-29T11:43:45.481Z"}
{"level":"info","message":"MongoDB connected","timestamp":"2024-03-29T11:43:45.482Z"}
{"level":"info","message":"A user disconnected","timestamp":"2024-03-29T11:43:47.159Z"}
{"level":"info","message":"A user connected","timestamp":"2024-03-29T11:43:47.429Z"}
{"level":"info","message":"Server running on port 5000","timestamp":"2024-03-29T11:44:27.320Z"}
{"level":"info","message":"A user connected","timestamp":"2024-03-29T11:44:27.433Z"}
{"level":"info","message":"A user connected","timestamp":"2024-03-29T11:44:27.498Z"}
{"level":"info","message":"db connection established","timestamp":"2024-03-29T11:44:27.661Z"}
{"level":"info","message":"MongoDB connected","timestamp":"2024-03-29T11:44:27.663Z"}
{"level":"info","message":"A user disconnected","timestamp":"2024-03-29T11:44:30.143Z"}
{"level":"info","message":"A user connected","timestamp":"2024-03-29T11:44:30.505Z"}
{"level":"info","message":"Server running on port 5000","timestamp":"2024-03-29T11:47:56.282Z"}
{"level":"info","message":"A user connected","timestamp":"2024-03-29T11:47:56.473Z"}
{"level":"info","message":"A user connected","timestamp":"2024-03-29T11:47:56.579Z"}
{"level":"info","message":"db connection established","timestamp":"2024-03-29T11:47:56.635Z"}
{"level":"info","message":"MongoDB connected","timestamp":"2024-03-29T11:47:56.636Z"}
{"level":"info","message":"A user disconnected","timestamp":"2024-03-29T11:47:59.756Z"}
{"level":"info","message":"A user connected","timestamp":"2024-03-29T11:48:00.026Z"}
{"level":"info","message":"A user connected","timestamp":"2024-03-29T11:51:04.311Z"}
{"level":"info","message":"A user connected","timestamp":"2024-03-29T11:51:04.326Z"}
{"level":"info","message":"A user connected","timestamp":"2024-03-29T11:51:14.091Z"}
{"level":"info","message":"A user connected","timestamp":"2024-03-29T11:51:14.100Z"}
{"level":"info","message":"A user connected","timestamp":"2024-03-29T11:51:33.024Z"}
{"level":"info","message":"A user connected","timestamp":"2024-03-29T11:51:33.036Z"}
{"level":"info","message":"A user disconnected","timestamp":"2024-03-29T11:52:31.284Z"}
{"level":"info","message":"A user disconnected","timestamp":"2024-03-29T11:52:31.290Z"}
{"level":"info","message":"A user disconnected","timestamp":"2024-03-29T11:52:31.293Z"}
{"level":"info","message":"A user disconnected","timestamp":"2024-03-29T11:52:31.298Z"}
{"level":"info","message":"A user connected","timestamp":"2024-03-29T11:52:31.672Z"}
{"level":"info","message":"A user connected","timestamp":"2024-03-29T11:53:33.481Z"}
{"level":"info","message":"A user connected","timestamp":"2024-03-29T11:53:33.505Z"}
{"level":"info","message":"A user connected","timestamp":"2024-03-29T11:55:06.883Z"}
{"level":"info","message":"A user connected","timestamp":"2024-03-29T11:55:06.897Z"}
{"level":"info","message":"A user connected","timestamp":"2024-03-29T11:55:29.191Z"}
{"level":"info","message":"A user connected","timestamp":"2024-03-29T11:55:29.204Z"}
{"level":"info","message":"A user disconnected","timestamp":"2024-03-29T11:55:32.572Z"}
{"level":"info","message":"A user disconnected","timestamp":"2024-03-29T11:55:32.577Z"}
{"level":"info","message":"A user disconnected","timestamp":"2024-03-29T11:55:32.579Z"}
{"level":"info","message":"A user disconnected","timestamp":"2024-03-29T11:55:32.580Z"}
{"level":"info","message":"A user connected","timestamp":"2024-03-29T11:55:32.932Z"}
{"level":"info","message":"A user connected","timestamp":"2024-03-29T11:57:32.578Z"}
{"level":"info","message":"A user connected","timestamp":"2024-03-29T11:57:32.595Z"}
{"level":"info","message":"A user connected","timestamp":"2024-03-29T11:57:32.602Z"}
{"level":"info","message":"A user connected","timestamp":"2024-03-29T11:57:32.637Z"}
{"level":"info","message":"A user connected","timestamp":"2024-03-29T11:57:34.203Z"}
{"level":"info","message":"A user connected","timestamp":"2024-03-29T11:57:34.226Z"}
{"level":"info","message":"A user disconnected","timestamp":"2024-03-29T11:58:05.774Z"}
{"level":"info","message":"A user disconnected","timestamp":"2024-03-29T11:58:05.787Z"}
{"level":"info","message":"A user disconnected","timestamp":"2024-03-29T11:58:05.788Z"}
{"level":"info","message":"A user disconnected","timestamp":"2024-03-29T11:58:05.790Z"}
{"level":"info","message":"A user connected","timestamp":"2024-03-29T11:58:06.210Z"}
{"level":"info","message":"A user connected","timestamp":"2024-03-29T11:58:50.232Z"}
{"level":"info","message":"A user connected","timestamp":"2024-03-29T11:58:50.305Z"}
{"level":"info","message":"A user connected","timestamp":"2024-03-29T11:58:55.537Z"}
{"level":"info","message":"A user connected","timestamp":"2024-03-29T11:58:55.547Z"}
{"level":"info","message":"A user connected","timestamp":"2024-03-29T11:58:58.133Z"}
{"level":"info","message":"A user connected","timestamp":"2024-03-29T11:58:58.155Z"}
{"level":"info","message":"A user connected","timestamp":"2024-03-29T11:59:05.570Z"}
{"level":"info","message":"A user connected","timestamp":"2024-03-29T11:59:05.716Z"}
{"level":"info","message":"A user disconnected","timestamp":"2024-03-29T11:59:19.764Z"}
{"level":"info","message":"A user disconnected","timestamp":"2024-03-29T11:59:19.770Z"}
{"level":"info","message":"A user disconnected","timestamp":"2024-03-29T11:59:19.772Z"}
{"level":"info","message":"A user disconnected","timestamp":"2024-03-29T11:59:19.773Z"}
{"level":"info","message":"A user disconnected","timestamp":"2024-03-29T11:59:19.774Z"}
{"level":"info","message":"A user connected","timestamp":"2024-03-29T11:59:20.318Z"}
{"level":"info","message":"A user connected","timestamp":"2024-03-29T12:01:08.096Z"}
{"level":"info","message":"A user connected","timestamp":"2024-03-29T12:01:15.767Z"}
{"level":"info","message":"A user connected","timestamp":"2024-03-29T12:01:21.633Z"}
{"level":"info","message":"A user connected","timestamp":"2024-03-29T12:01:21.859Z"}
{"level":"info","message":"A user connected","timestamp":"2024-03-29T12:01:21.991Z"}
{"level":"info","message":"A user connected","timestamp":"2024-03-29T12:01:22.882Z"}
{"level":"info","message":"A user disconnected","timestamp":"2024-03-29T12:01:56.185Z"}
{"level":"info","message":"A user disconnected","timestamp":"2024-03-29T12:01:56.189Z"}
{"level":"info","message":"A user disconnected","timestamp":"2024-03-29T12:01:56.190Z"}
{"level":"info","message":"A user disconnected","timestamp":"2024-03-29T12:01:56.191Z"}
{"level":"info","message":"A user disconnected","timestamp":"2024-03-29T12:01:56.198Z"}
{"level":"info","message":"A user disconnected","timestamp":"2024-03-29T12:01:56.200Z"}
{"level":"info","message":"A user disconnected","timestamp":"2024-03-29T12:01:56.201Z"}
{"level":"info","message":"A user connected","timestamp":"2024-03-29T12:01:56.896Z"}
{"level":"info","message":"A user disconnected","timestamp":"2024-03-29T12:02:13.833Z"}
{"level":"info","message":"A user connected","timestamp":"2024-03-29T12:02:14.710Z"}
{"level":"info","message":"A user disconnected","timestamp":"2024-03-29T12:02:32.257Z"}
{"level":"info","message":"A user connected","timestamp":"2024-03-29T12:02:33.029Z"}
{"level":"info","message":"A user disconnected","timestamp":"2024-03-29T12:02:40.418Z"}
{"level":"info","message":"A user connected","timestamp":"2024-03-29T12:02:49.737Z"}
{"level":"info","message":"A user disconnected","timestamp":"2024-03-29T12:03:04.786Z"}
{"level":"info","message":"A user connected","timestamp":"2024-03-29T12:03:05.597Z"}
{"level":"info","message":"A user disconnected","timestamp":"2024-03-29T12:03:36.300Z"}
{"level":"info","message":"A user connected","timestamp":"2024-03-29T12:03:37.114Z"}
{"level":"info","message":"A user disconnected","timestamp":"2024-03-29T12:04:05.632Z"}
{"level":"info","message":"A user connected","timestamp":"2024-03-29T12:04:06.486Z"}
{"level":"info","message":"A user connected","timestamp":"2024-03-29T12:04:54.131Z"}
{"level":"info","message":"A user connected","timestamp":"2024-03-29T12:05:02.109Z"}
{"level":"info","message":"A user connected","timestamp":"2024-03-29T12:05:02.386Z"}
{"level":"info","message":"A user connected","timestamp":"2024-03-29T12:05:04.135Z"}
{"level":"info","message":"A user connected","timestamp":"2024-03-29T12:05:09.416Z"}
{"level":"info","message":"A user connected","timestamp":"2024-03-29T12:05:09.526Z"}
{"level":"info","message":"A user connected","timestamp":"2024-03-29T12:05:09.594Z"}
{"level":"info","message":"A user connected","timestamp":"2024-03-29T12:05:13.611Z"}
{"level":"info","message":"A user disconnected","timestamp":"2024-03-29T12:05:14.110Z"}
{"level":"info","message":"A user disconnected","timestamp":"2024-03-29T12:05:14.121Z"}
{"level":"info","message":"A user disconnected","timestamp":"2024-03-29T12:05:14.126Z"}
{"level":"info","message":"A user disconnected","timestamp":"2024-03-29T12:05:14.129Z"}
{"level":"info","message":"A user disconnected","timestamp":"2024-03-29T12:05:14.130Z"}
{"level":"info","message":"A user disconnected","timestamp":"2024-03-29T12:05:14.132Z"}
{"level":"info","message":"A user disconnected","timestamp":"2024-03-29T12:05:14.134Z"}
{"level":"info","message":"A user disconnected","timestamp":"2024-03-29T12:05:14.137Z"}
{"level":"info","message":"A user disconnected","timestamp":"2024-03-29T12:05:14.143Z"}
{"level":"info","message":"A user connected","timestamp":"2024-03-29T12:05:14.959Z"}
{"level":"info","message":"A user disconnected","timestamp":"2024-03-29T12:05:58.677Z"}
{"level":"info","message":"A user disconnected","timestamp":"2024-03-29T12:05:58.687Z"}
{"level":"info","message":"A user disconnected","timestamp":"2024-03-29T12:05:58.691Z"}
{"level":"info","message":"A user disconnected","timestamp":"2024-03-29T12:05:58.693Z"}
{"level":"info","message":"A user disconnected","timestamp":"2024-03-29T12:05:58.708Z"}
{"level":"info","message":"A user disconnected","timestamp":"2024-03-29T12:05:58.710Z"}
{"level":"info","message":"A user disconnected","timestamp":"2024-03-29T12:05:58.711Z"}
{"level":"info","message":"A user disconnected","timestamp":"2024-03-29T12:05:58.712Z"}
{"level":"info","message":"A user disconnected","timestamp":"2024-03-29T12:05:58.713Z"}
{"level":"info","message":"A user disconnected","timestamp":"2024-03-29T12:05:58.714Z"}
{"level":"info","message":"A user disconnected","timestamp":"2024-03-29T12:05:58.715Z"}
{"level":"info","message":"A user disconnected","timestamp":"2024-03-29T12:05:58.716Z"}
{"level":"info","message":"A user disconnected","timestamp":"2024-03-29T12:05:58.730Z"}
{"level":"info","message":"A user disconnected","timestamp":"2024-03-29T12:05:58.759Z"}
{"level":"info","message":"A user connected","timestamp":"2024-03-29T12:05:59.567Z"}
{"level":"info","message":"A user connected","timestamp":"2024-03-29T12:06:44.868Z"}
{"level":"info","message":"A user connected","timestamp":"2024-03-29T12:06:44.871Z"}
{"level":"info","message":"A user connected","timestamp":"2024-03-29T12:07:46.206Z"}
{"level":"info","message":"A user connected","timestamp":"2024-03-29T12:07:46.216Z"}
{"level":"info","message":"A user disconnected","timestamp":"2024-03-29T12:08:06.650Z"}
{"level":"info","message":"A user disconnected","timestamp":"2024-03-29T12:08:06.651Z"}
{"level":"info","message":"A user disconnected","timestamp":"2024-03-29T12:08:06.652Z"}
{"level":"info","message":"A user connected","timestamp":"2024-03-29T12:08:07.320Z"}
{"level":"info","message":"A user connected","timestamp":"2024-03-29T12:09:23.426Z"}
{"level":"info","message":"A user connected","timestamp":"2024-03-29T12:09:23.447Z"}
{"level":"info","message":"A user connected","timestamp":"2024-03-29T12:09:24.883Z"}
{"level":"info","message":"A user connected","timestamp":"2024-03-29T12:09:24.915Z"}
{"level":"info","message":"A user connected","timestamp":"2024-03-29T12:09:25.788Z"}
{"level":"info","message":"A user connected","timestamp":"2024-03-29T12:09:25.796Z"}
{"level":"info","message":"A user connected","timestamp":"2024-03-29T12:09:27.119Z"}
{"level":"info","message":"A user connected","timestamp":"2024-03-29T12:09:27.182Z"}
{"level":"info","message":"A user disconnected","timestamp":"2024-03-29T12:09:29.310Z"}
{"level":"info","message":"A user disconnected","timestamp":"2024-03-29T12:09:29.313Z"}
{"level":"info","message":"A user disconnected","timestamp":"2024-03-29T12:09:29.314Z"}
{"level":"info","message":"A user disconnected","timestamp":"2024-03-29T12:09:29.315Z"}
{"level":"info","message":"A user disconnected","timestamp":"2024-03-29T12:09:29.317Z"}
{"level":"info","message":"A user connected","timestamp":"2024-03-29T12:09:29.800Z"}
{"level":"info","message":"A user disconnected","timestamp":"2024-03-29T12:10:53.567Z"}
{"level":"info","message":"A user connected","timestamp":"2024-03-29T12:10:54.029Z"}
{"level":"info","message":"A user disconnected","timestamp":"2024-03-29T12:12:03.982Z"}
{"level":"info","message":"A user connected","timestamp":"2024-03-29T12:12:04.459Z"}
{"level":"info","message":"A user connected","timestamp":"2024-03-29T12:12:17.428Z"}
{"level":"info","message":"A user connected","timestamp":"2024-03-29T12:12:17.721Z"}
{"level":"info","message":"A user connected","timestamp":"2024-03-29T12:12:43.788Z"}
{"level":"info","message":"A user connected","timestamp":"2024-03-29T12:12:44.031Z"}
{"level":"info","message":"A user disconnected","timestamp":"2024-03-29T12:13:13.571Z"}
{"level":"info","message":"A user disconnected","timestamp":"2024-03-29T12:13:13.587Z"}
{"level":"info","message":"A user disconnected","timestamp":"2024-03-29T12:13:13.588Z"}
{"level":"info","message":"A user connected","timestamp":"2024-03-29T12:13:14.366Z"}
{"level":"info","message":"A user disconnected","timestamp":"2024-03-29T12:14:09.318Z"}
{"level":"info","message":"A user connected","timestamp":"2024-03-29T12:14:09.765Z"}
{"level":"info","message":"A user disconnected","timestamp":"2024-03-29T12:18:17.981Z"}
{"level":"info","message":"A user connected","timestamp":"2024-03-29T12:18:18.258Z"}
{"level":"info","message":"A user disconnected","timestamp":"2024-03-29T12:20:20.555Z"}
{"level":"info","message":"A user connected","timestamp":"2024-03-29T12:20:20.814Z"}
{"level":"info","message":"A user connected","timestamp":"2024-03-29T12:21:33.887Z"}
{"level":"info","message":"A user connected","timestamp":"2024-03-29T12:21:33.897Z"}
{"level":"info","message":"A user connected","timestamp":"2024-03-29T12:21:50.458Z"}
{"level":"info","message":"A user connected","timestamp":"2024-03-29T12:21:50.479Z"}
{"level":"info","message":"A user connected","timestamp":"2024-03-29T12:21:54.842Z"}
{"level":"info","message":"A user connected","timestamp":"2024-03-29T12:21:54.886Z"}
{"level":"info","message":"A user disconnected","timestamp":"2024-03-29T12:22:00.579Z"}
{"level":"info","message":"A user disconnected","timestamp":"2024-03-29T12:22:00.584Z"}
{"level":"info","message":"A user disconnected","timestamp":"2024-03-29T12:22:00.586Z"}
{"level":"info","message":"A user disconnected","timestamp":"2024-03-29T12:22:00.586Z"}
{"level":"info","message":"A user connected","timestamp":"2024-03-29T12:22:01.047Z"}
{"level":"info","message":"A user connected","timestamp":"2024-03-29T12:23:32.668Z"}
{"level":"info","message":"A user connected","timestamp":"2024-03-29T12:23:32.691Z"}
{"level":"info","message":"Server running on port 5000","timestamp":"2024-03-29T12:32:53.389Z"}
{"level":"info","message":"A user connected","timestamp":"2024-03-29T12:32:53.666Z"}
{"level":"info","message":"A user connected","timestamp":"2024-03-29T12:32:53.670Z"}
{"level":"info","message":"A user connected","timestamp":"2024-03-29T12:32:53.673Z"}
{"level":"info","message":"A user connected","timestamp":"2024-03-29T12:32:53.676Z"}
{"level":"info","message":"A user connected","timestamp":"2024-03-29T12:32:53.682Z"}
{"level":"info","message":"A user connected","timestamp":"2024-03-29T12:32:53.684Z"}
{"level":"info","message":"A user connected","timestamp":"2024-03-29T12:32:53.688Z"}
{"level":"info","message":"A user connected","timestamp":"2024-03-29T12:32:53.817Z"}
{"level":"info","message":"A user connected","timestamp":"2024-03-29T12:32:53.855Z"}
{"level":"info","message":"A user connected","timestamp":"2024-03-29T12:32:54.587Z"}
{"level":"info","message":"db connection established","timestamp":"2024-03-29T12:32:54.683Z"}
{"level":"info","message":"MongoDB connected","timestamp":"2024-03-29T12:32:54.683Z"}
{"level":"info","message":"A user connected","timestamp":"2024-03-29T12:32:55.582Z"}
{"level":"info","message":"A user connected","timestamp":"2024-03-29T12:32:55.585Z"}
{"level":"info","message":"A user connected","timestamp":"2024-03-29T12:32:56.572Z"}
{"level":"info","message":"A user connected","timestamp":"2024-03-29T12:32:57.587Z"}
{"level":"info","message":"A user connected","timestamp":"2024-03-29T12:33:44.013Z"}
{"level":"info","message":"A user connected","timestamp":"2024-03-29T12:33:44.037Z"}
{"level":"info","message":"A user connected","timestamp":"2024-03-29T12:33:45.758Z"}
{"level":"info","message":"A user connected","timestamp":"2024-03-29T12:33:45.770Z"}
{"level":"info","message":"A user disconnected","timestamp":"2024-03-29T12:34:24.362Z"}
{"level":"info","message":"A user disconnected","timestamp":"2024-03-29T12:34:24.369Z"}
{"level":"info","message":"A user disconnected","timestamp":"2024-03-29T12:34:24.370Z"}
{"level":"info","message":"A user connected","timestamp":"2024-03-29T12:34:24.725Z"}
{"level":"info","message":"A user disconnected","timestamp":"2024-03-29T12:56:32.445Z"}
{"level":"info","message":"A user connected","timestamp":"2024-03-29T12:56:32.896Z"}
{"level":"info","message":"A user disconnected","timestamp":"2024-03-29T12:59:18.201Z"}
{"level":"info","message":"A user connected","timestamp":"2024-03-29T12:59:18.899Z"}
{"level":"info","message":"A user connected","timestamp":"2024-03-29T12:59:19.190Z"}
{"level":"info","message":"Server running on port 5000","timestamp":"2024-03-29T12:59:59.082Z"}
{"level":"info","message":"A user connected","timestamp":"2024-03-29T12:59:59.443Z"}
{"level":"info","message":"A user connected","timestamp":"2024-03-29T12:59:59.449Z"}
{"level":"info","message":"A user connected","timestamp":"2024-03-29T12:59:59.459Z"}
{"level":"info","message":"A user connected","timestamp":"2024-03-29T12:59:59.463Z"}
{"level":"info","message":"A user connected","timestamp":"2024-03-29T12:59:59.479Z"}
{"level":"info","message":"A user connected","timestamp":"2024-03-29T12:59:59.619Z"}
{"level":"info","message":"A user connected","timestamp":"2024-03-29T12:59:59.623Z"}
{"level":"info","message":"Server running on port 5000","timestamp":"2024-03-29T13:00:03.017Z"}
{"level":"info","message":"A user connected","timestamp":"2024-03-29T13:00:03.238Z"}
{"level":"info","message":"A user connected","timestamp":"2024-03-29T13:00:03.243Z"}
{"level":"info","message":"A user connected","timestamp":"2024-03-29T13:00:03.461Z"}
{"level":"info","message":"A user connected","timestamp":"2024-03-29T13:00:03.465Z"}
{"level":"info","message":"A user connected","timestamp":"2024-03-29T13:00:03.469Z"}
{"level":"info","message":"A user connected","timestamp":"2024-03-29T13:00:03.471Z"}
{"level":"info","message":"A user connected","timestamp":"2024-03-29T13:00:03.473Z"}
{"level":"info","message":"A user connected","timestamp":"2024-03-29T13:00:03.476Z"}
{"level":"info","message":"A user connected","timestamp":"2024-03-29T13:00:03.802Z"}
{"level":"info","message":"db connection established","timestamp":"2024-03-29T13:00:03.883Z"}
{"level":"info","message":"MongoDB connected","timestamp":"2024-03-29T13:00:03.884Z"}
{"level":"info","message":"A user connected","timestamp":"2024-03-29T13:00:03.889Z"}
{"level":"info","message":"A user connected","timestamp":"2024-03-29T13:00:03.919Z"}
{"level":"info","message":"A user connected","timestamp":"2024-03-29T13:00:05.310Z"}
{"level":"info","message":"A user connected","timestamp":"2024-03-29T13:00:05.607Z"}
{"level":"info","message":"A user connected","timestamp":"2024-03-29T13:00:07.701Z"}
{"level":"info","message":"A user connected","timestamp":"2024-03-29T13:00:08.603Z"}
{"level":"info","message":"A user connected","timestamp":"2024-03-29T13:00:08.614Z"}
{"level":"info","message":"A user connected","timestamp":"2024-03-29T13:00:08.623Z"}
{"level":"info","message":"A user disconnected","timestamp":"2024-03-29T13:01:47.166Z"}
{"level":"info","message":"A user connected","timestamp":"2024-03-29T13:01:47.965Z"}
{"level":"info","message":"A user disconnected","timestamp":"2024-03-29T13:04:49.484Z"}
{"level":"info","message":"A user disconnected","timestamp":"2024-03-29T13:04:49.490Z"}
{"level":"info","message":"A user disconnected","timestamp":"2024-03-29T13:04:49.491Z"}
{"level":"info","message":"A user disconnected","timestamp":"2024-03-29T13:04:49.492Z"}
{"level":"info","message":"A user disconnected","timestamp":"2024-03-29T13:04:49.492Z"}
{"level":"info","message":"A user disconnected","timestamp":"2024-03-29T13:04:49.493Z"}
{"level":"info","message":"A user disconnected","timestamp":"2024-03-29T13:04:49.494Z"}
{"level":"info","message":"A user disconnected","timestamp":"2024-03-29T13:04:49.495Z"}
{"level":"info","message":"A user disconnected","timestamp":"2024-03-29T13:04:49.496Z"}
{"level":"info","message":"A user disconnected","timestamp":"2024-03-29T13:04:49.505Z"}
{"level":"info","message":"A user disconnected","timestamp":"2024-03-29T13:04:49.506Z"}
{"level":"info","message":"A user disconnected","timestamp":"2024-03-29T13:04:49.507Z"}
{"level":"info","message":"A user disconnected","timestamp":"2024-03-29T13:04:49.508Z"}
{"level":"info","message":"A user disconnected","timestamp":"2024-03-29T13:04:49.509Z"}
{"level":"info","message":"A user disconnected","timestamp":"2024-03-29T13:04:49.510Z"}
{"level":"info","message":"A user disconnected","timestamp":"2024-03-29T13:04:49.512Z"}
{"level":"info","message":"A user connected","timestamp":"2024-03-29T13:10:36.378Z"}
{"level":"info","message":"A user connected","timestamp":"2024-03-29T13:10:36.440Z"}
{"level":"info","message":"A user disconnected","timestamp":"2024-03-29T13:10:39.542Z"}
{"level":"info","message":"A user disconnected","timestamp":"2024-03-29T13:10:39.545Z"}
{"level":"info","message":"A user disconnected","timestamp":"2024-03-29T13:10:39.546Z"}
{"level":"info","message":"A user connected","timestamp":"2024-03-29T13:10:40.379Z"}
{"level":"info","message":"A user disconnected","timestamp":"2024-03-29T13:10:52.707Z"}
{"level":"info","message":"A user connected","timestamp":"2024-03-29T13:10:53.209Z"}
{"level":"info","message":"A user disconnected","timestamp":"2024-03-29T13:11:45.358Z"}
{"level":"info","message":"A user connected","timestamp":"2024-03-29T13:11:45.797Z"}
{"level":"info","message":"A user disconnected","timestamp":"2024-03-29T13:43:51.742Z"}
{"level":"info","message":"A user connected","timestamp":"2024-03-29T13:43:52.052Z"}
{"level":"info","message":"A user disconnected","timestamp":"2024-03-29T13:44:21.263Z"}
{"level":"info","message":"A user connected","timestamp":"2024-03-29T13:44:21.582Z"}
{"level":"info","message":"A user disconnected","timestamp":"2024-03-29T13:45:52.433Z"}
{"level":"info","message":"A user connected","timestamp":"2024-03-29T13:45:52.754Z"}
{"level":"info","message":"A user connected","timestamp":"2024-03-29T13:48:30.443Z"}
{"level":"info","message":"A user connected","timestamp":"2024-03-29T13:48:36.826Z"}
{"level":"info","message":"A user connected","timestamp":"2024-03-29T13:48:39.106Z"}
{"level":"info","message":"A user connected","timestamp":"2024-03-29T13:48:41.657Z"}
{"level":"info","message":"A user connected","timestamp":"2024-03-29T13:48:44.020Z"}
{"level":"info","message":"A user connected","timestamp":"2024-03-29T13:48:45.683Z"}
{"level":"info","message":"A user connected","timestamp":"2024-03-29T13:48:47.217Z"}
{"level":"info","message":"A user connected","timestamp":"2024-03-29T13:48:48.949Z"}
{"level":"info","message":"A user connected","timestamp":"2024-03-29T13:48:50.956Z"}
{"level":"info","message":"A user connected","timestamp":"2024-03-29T13:48:55.818Z"}
{"level":"info","message":"A user connected","timestamp":"2024-03-29T13:48:56.621Z"}
{"level":"info","message":"A user connected","timestamp":"2024-03-29T13:48:57.061Z"}
{"level":"info","message":"A user connected","timestamp":"2024-03-29T13:48:59.302Z"}
{"level":"info","message":"A user connected","timestamp":"2024-03-29T13:48:59.324Z"}
{"level":"info","message":"A user connected","timestamp":"2024-03-29T13:49:03.599Z"}
{"level":"info","message":"A user connected","timestamp":"2024-03-29T13:49:08.129Z"}
{"level":"info","message":"A user connected","timestamp":"2024-03-29T13:49:11.361Z"}
{"level":"info","message":"A user connected","timestamp":"2024-03-29T13:49:13.013Z"}
{"level":"info","message":"A user connected","timestamp":"2024-03-29T13:49:16.885Z"}
{"level":"info","message":"A user connected","timestamp":"2024-03-29T13:49:24.906Z"}
{"level":"info","message":"A user connected","timestamp":"2024-03-29T13:49:26.215Z"}
{"level":"info","message":"A user connected","timestamp":"2024-03-29T13:49:28.815Z"}
{"level":"info","message":"A user connected","timestamp":"2024-03-29T13:49:35.366Z"}
{"level":"info","message":"A user connected","timestamp":"2024-03-29T13:49:35.406Z"}
{"level":"info","message":"A user connected","timestamp":"2024-03-29T13:49:37.460Z"}
{"level":"info","message":"A user connected","timestamp":"2024-03-29T13:49:39.593Z"}
{"level":"info","message":"A user connected","timestamp":"2024-03-29T13:49:43.972Z"}
{"level":"info","message":"A user connected","timestamp":"2024-03-29T13:49:49.537Z"}
{"level":"info","message":"A user connected","timestamp":"2024-03-29T13:49:56.025Z"}
{"level":"info","message":"A user connected","timestamp":"2024-03-29T13:50:00.860Z"}
{"level":"info","message":"A user connected","timestamp":"2024-03-29T13:52:52.194Z"}
{"level":"info","message":"A user connected","timestamp":"2024-03-29T13:53:00.920Z"}
{"level":"info","message":"A user connected","timestamp":"2024-03-29T13:53:01.064Z"}
{"level":"info","message":"A user connected","timestamp":"2024-03-29T13:53:03.680Z"}
{"level":"info","message":"A user disconnected","timestamp":"2024-03-29T14:16:07.657Z"}
{"level":"info","message":"A user disconnected","timestamp":"2024-03-29T14:16:07.671Z"}
{"level":"info","message":"A user disconnected","timestamp":"2024-03-29T14:16:07.672Z"}
{"level":"info","message":"A user disconnected","timestamp":"2024-03-29T14:16:07.673Z"}
{"level":"info","message":"A user disconnected","timestamp":"2024-03-29T14:16:07.674Z"}
{"level":"info","message":"A user disconnected","timestamp":"2024-03-29T14:16:07.675Z"}
{"level":"info","message":"A user disconnected","timestamp":"2024-03-29T14:16:07.678Z"}
{"level":"info","message":"A user disconnected","timestamp":"2024-03-29T14:16:07.682Z"}
{"level":"info","message":"A user disconnected","timestamp":"2024-03-29T14:16:07.682Z"}
{"level":"info","message":"A user disconnected","timestamp":"2024-03-29T14:16:07.684Z"}
{"level":"info","message":"A user disconnected","timestamp":"2024-03-29T14:16:07.685Z"}
{"level":"info","message":"A user disconnected","timestamp":"2024-03-29T14:16:07.704Z"}
{"level":"info","message":"A user disconnected","timestamp":"2024-03-29T14:16:07.709Z"}
{"level":"info","message":"A user disconnected","timestamp":"2024-03-29T14:16:07.711Z"}
{"level":"info","message":"A user disconnected","timestamp":"2024-03-29T14:16:07.714Z"}
{"level":"info","message":"A user disconnected","timestamp":"2024-03-29T14:16:07.723Z"}
{"level":"info","message":"A user disconnected","timestamp":"2024-03-29T14:16:07.724Z"}
{"level":"info","message":"A user disconnected","timestamp":"2024-03-29T14:16:07.725Z"}
{"level":"info","message":"A user disconnected","timestamp":"2024-03-29T14:16:07.726Z"}
{"level":"info","message":"A user disconnected","timestamp":"2024-03-29T14:16:07.727Z"}
{"level":"info","message":"A user disconnected","timestamp":"2024-03-29T14:16:07.728Z"}
{"level":"info","message":"A user disconnected","timestamp":"2024-03-29T14:16:07.728Z"}
{"level":"info","message":"A user disconnected","timestamp":"2024-03-29T14:16:07.729Z"}
{"level":"info","message":"A user disconnected","timestamp":"2024-03-29T14:16:07.729Z"}
{"level":"info","message":"A user disconnected","timestamp":"2024-03-29T14:16:07.730Z"}
{"level":"info","message":"A user disconnected","timestamp":"2024-03-29T14:16:07.731Z"}
{"level":"info","message":"A user disconnected","timestamp":"2024-03-29T14:16:07.732Z"}
{"level":"info","message":"A user disconnected","timestamp":"2024-03-29T14:16:07.733Z"}
{"level":"info","message":"A user disconnected","timestamp":"2024-03-29T14:16:07.738Z"}
{"level":"info","message":"A user disconnected","timestamp":"2024-03-29T14:16:07.740Z"}
{"level":"info","message":"A user disconnected","timestamp":"2024-03-29T14:16:07.741Z"}
{"level":"info","message":"A user disconnected","timestamp":"2024-03-29T14:16:07.742Z"}
{"level":"info","message":"A user disconnected","timestamp":"2024-03-29T14:16:07.743Z"}
{"level":"info","message":"A user disconnected","timestamp":"2024-03-29T14:16:07.744Z"}
{"level":"info","message":"A user disconnected","timestamp":"2024-03-29T14:16:07.746Z"}
{"level":"info","message":"A user connected","timestamp":"2024-03-29T14:16:08.136Z"}
{"level":"info","message":"A user connected","timestamp":"2024-03-29T14:31:00.775Z"}
{"level":"info","message":"A user connected","timestamp":"2024-03-29T14:31:01.186Z"}
{"level":"info","message":"A user connected","timestamp":"2024-03-29T14:33:45.415Z"}
{"level":"info","message":"A user connected","timestamp":"2024-03-29T14:33:48.475Z"}
{"level":"info","message":"A user connected","timestamp":"2024-03-29T14:36:02.496Z"}
{"level":"info","message":"A user connected","timestamp":"2024-03-29T14:36:04.977Z"}
{"level":"info","message":"A user connected","timestamp":"2024-03-29T14:36:05.489Z"}
{"level":"info","message":"A user connected","timestamp":"2024-03-29T14:36:11.021Z"}
{"level":"info","message":"A user connected","timestamp":"2024-03-29T14:36:16.679Z"}
{"level":"info","message":"A user connected","timestamp":"2024-03-29T14:36:40.407Z"}
{"level":"info","message":"A user disconnected","timestamp":"2024-03-29T14:38:28.586Z"}
{"level":"info","message":"A user disconnected","timestamp":"2024-03-29T14:38:28.597Z"}
{"level":"info","message":"A user disconnected","timestamp":"2024-03-29T14:38:28.600Z"}
{"level":"info","message":"A user disconnected","timestamp":"2024-03-29T14:38:28.601Z"}
{"level":"info","message":"A user disconnected","timestamp":"2024-03-29T14:38:28.604Z"}
{"level":"info","message":"A user disconnected","timestamp":"2024-03-29T14:38:28.605Z"}
{"level":"info","message":"A user disconnected","timestamp":"2024-03-29T14:38:28.607Z"}
{"level":"info","message":"A user disconnected","timestamp":"2024-03-29T14:38:28.615Z"}
{"level":"info","message":"A user disconnected","timestamp":"2024-03-29T14:38:28.618Z"}
{"level":"info","message":"A user disconnected","timestamp":"2024-03-29T14:38:28.619Z"}
{"level":"info","message":"A user disconnected","timestamp":"2024-03-29T14:38:28.621Z"}
{"level":"info","message":"A user connected","timestamp":"2024-03-29T14:38:28.898Z"}
{"level":"info","message":"A user disconnected","timestamp":"2024-03-29T14:40:18.247Z"}
{"level":"info","message":"A user connected","timestamp":"2024-03-29T14:40:18.575Z"}
{"level":"info","message":"A user disconnected","timestamp":"2024-03-29T14:41:06.366Z"}
{"level":"info","message":"A user connected","timestamp":"2024-03-29T14:41:06.470Z"}
{"level":"info","message":"A user disconnected","timestamp":"2024-03-29T14:41:07.061Z"}
{"level":"info","message":"A user connected","timestamp":"2024-03-29T14:41:07.128Z"}
{"level":"info","message":"A user disconnected","timestamp":"2024-03-29T14:41:48.764Z"}
{"level":"info","message":"A user connected","timestamp":"2024-03-29T14:41:51.424Z"}
{"level":"info","message":"A user connected","timestamp":"2024-03-29T14:42:56.511Z"}
{"level":"info","message":"A user disconnected","timestamp":"2024-03-29T14:42:57.081Z"}
{"level":"info","message":"A user connected","timestamp":"2024-03-29T14:43:07.313Z"}
{"level":"info","message":"A user disconnected","timestamp":"2024-03-29T14:47:14.875Z"}
{"level":"info","message":"A user connected","timestamp":"2024-03-29T14:47:15.246Z"}
{"level":"info","message":"A user disconnected","timestamp":"2024-03-29T14:48:34.232Z"}
{"level":"info","message":"A user connected","timestamp":"2024-03-29T14:48:36.868Z"}
{"level":"info","message":"A user connected","timestamp":"2024-03-29T14:49:24.794Z"}
{"level":"info","message":"A user connected","timestamp":"2024-03-29T14:49:24.799Z"}
{"level":"info","message":"A user connected","timestamp":"2024-03-29T14:49:25.554Z"}
{"level":"info","message":"A user connected","timestamp":"2024-03-29T14:49:25.556Z"}
{"level":"info","message":"A user connected","timestamp":"2024-03-29T14:49:26.024Z"}
{"level":"info","message":"A user connected","timestamp":"2024-03-29T14:49:26.034Z"}
{"level":"info","message":"A user connected","timestamp":"2024-03-29T14:49:27.112Z"}
{"level":"info","message":"A user connected","timestamp":"2024-03-29T14:49:27.115Z"}
{"level":"info","message":"A user connected","timestamp":"2024-03-29T14:49:30.021Z"}
{"level":"info","message":"A user connected","timestamp":"2024-03-29T14:49:30.058Z"}
{"level":"info","message":"A user connected","timestamp":"2024-03-29T14:49:33.942Z"}
{"level":"info","message":"A user connected","timestamp":"2024-03-29T14:49:33.943Z"}
{"level":"info","message":"A user disconnected","timestamp":"2024-03-29T14:50:56.932Z"}
{"level":"info","message":"A user disconnected","timestamp":"2024-03-29T14:50:56.940Z"}
{"level":"info","message":"A user disconnected","timestamp":"2024-03-29T14:50:56.941Z"}
{"level":"info","message":"A user disconnected","timestamp":"2024-03-29T14:50:56.942Z"}
{"level":"info","message":"A user disconnected","timestamp":"2024-03-29T14:50:56.943Z"}
{"level":"info","message":"A user disconnected","timestamp":"2024-03-29T14:50:56.943Z"}
{"level":"info","message":"A user disconnected","timestamp":"2024-03-29T14:50:56.944Z"}
{"level":"info","message":"A user connected","timestamp":"2024-03-29T14:50:57.292Z"}
{"level":"info","message":"A user disconnected","timestamp":"2024-03-29T14:57:43.277Z"}
{"level":"info","message":"A user connected","timestamp":"2024-03-29T14:57:43.665Z"}
{"level":"info","message":"A user connected","timestamp":"2024-03-29T15:03:47.729Z"}
{"level":"info","message":"A user connected","timestamp":"2024-03-29T15:03:47.743Z"}
{"level":"info","message":"A user connected","timestamp":"2024-03-29T15:03:50.895Z"}
{"level":"info","message":"A user connected","timestamp":"2024-03-29T15:03:50.904Z"}
{"level":"info","message":"A user connected","timestamp":"2024-03-29T15:03:53.945Z"}
{"level":"info","message":"A user connected","timestamp":"2024-03-29T15:03:53.950Z"}
{"level":"info","message":"A user connected","timestamp":"2024-03-29T15:03:55.873Z"}
{"level":"info","message":"A user connected","timestamp":"2024-03-29T15:03:55.915Z"}
{"level":"info","message":"A user connected","timestamp":"2024-03-29T15:04:00.349Z"}
{"level":"info","message":"A user connected","timestamp":"2024-03-29T15:04:00.355Z"}
{"level":"info","message":"A user connected","timestamp":"2024-03-29T15:04:00.962Z"}
{"level":"info","message":"A user connected","timestamp":"2024-03-29T15:04:00.980Z"}
{"level":"info","message":"A user connected","timestamp":"2024-03-29T15:04:11.843Z"}
{"level":"info","message":"A user connected","timestamp":"2024-03-29T15:04:11.860Z"}
{"level":"info","message":"A user connected","timestamp":"2024-03-29T15:04:24.084Z"}
{"level":"info","message":"A user connected","timestamp":"2024-03-29T15:04:24.096Z"}
{"level":"info","message":"A user connected","timestamp":"2024-03-29T15:04:49.461Z"}
{"level":"info","message":"A user connected","timestamp":"2024-03-29T15:04:49.592Z"}
{"level":"info","message":"A user connected","timestamp":"2024-03-29T15:05:01.448Z"}
{"level":"info","message":"A user connected","timestamp":"2024-03-29T15:05:01.452Z"}
{"level":"info","message":"A user connected","timestamp":"2024-03-29T15:05:10.839Z"}
{"level":"info","message":"A user connected","timestamp":"2024-03-29T15:05:10.845Z"}
{"level":"info","message":"A user connected","timestamp":"2024-03-29T15:05:13.780Z"}
{"level":"info","message":"A user connected","timestamp":"2024-03-29T15:05:13.815Z"}
{"level":"info","message":"A user connected","timestamp":"2024-03-29T15:05:15.129Z"}
{"level":"info","message":"A user connected","timestamp":"2024-03-29T15:05:15.145Z"}
{"level":"info","message":"A user connected","timestamp":"2024-03-29T15:05:17.577Z"}
{"level":"info","message":"A user connected","timestamp":"2024-03-29T15:05:17.581Z"}
{"level":"info","message":"A user connected","timestamp":"2024-03-29T15:05:19.744Z"}
{"level":"info","message":"A user connected","timestamp":"2024-03-29T15:05:19.764Z"}
{"level":"info","message":"A user connected","timestamp":"2024-03-29T15:05:19.794Z"}
{"level":"info","message":"A user connected","timestamp":"2024-03-29T15:05:19.805Z"}
{"level":"info","message":"A user connected","timestamp":"2024-03-29T15:05:21.061Z"}
{"level":"info","message":"A user connected","timestamp":"2024-03-29T15:05:21.066Z"}
{"level":"info","message":"A user connected","timestamp":"2024-03-29T15:05:23.052Z"}
{"level":"info","message":"A user connected","timestamp":"2024-03-29T15:05:23.072Z"}
{"level":"info","message":"A user connected","timestamp":"2024-03-29T15:05:24.662Z"}
{"level":"info","message":"A user connected","timestamp":"2024-03-29T15:05:24.675Z"}
{"level":"info","message":"A user connected","timestamp":"2024-03-29T15:05:25.912Z"}
{"level":"info","message":"A user connected","timestamp":"2024-03-29T15:05:25.921Z"}
{"level":"info","message":"A user connected","timestamp":"2024-03-29T15:05:38.188Z"}
{"level":"info","message":"A user connected","timestamp":"2024-03-29T15:05:38.290Z"}
{"level":"info","message":"A user connected","timestamp":"2024-03-29T15:06:07.056Z"}
{"level":"info","message":"A user connected","timestamp":"2024-03-29T15:06:07.084Z"}
{"level":"info","message":"A user connected","timestamp":"2024-03-29T15:06:10.308Z"}
{"level":"info","message":"A user connected","timestamp":"2024-03-29T15:06:10.314Z"}
{"level":"info","message":"A user connected","timestamp":"2024-03-29T15:06:11.302Z"}
{"level":"info","message":"A user connected","timestamp":"2024-03-29T15:06:11.313Z"}
{"level":"info","message":"A user connected","timestamp":"2024-03-29T15:06:13.012Z"}
{"level":"info","message":"A user connected","timestamp":"2024-03-29T15:06:13.146Z"}
{"level":"info","message":"A user connected","timestamp":"2024-03-29T15:06:14.209Z"}
{"level":"info","message":"A user connected","timestamp":"2024-03-29T15:06:14.216Z"}
{"level":"info","message":"A user connected","timestamp":"2024-03-29T15:06:16.232Z"}
{"level":"info","message":"A user connected","timestamp":"2024-03-29T15:06:16.241Z"}
{"level":"info","message":"A user connected","timestamp":"2024-03-29T15:06:17.801Z"}
{"level":"info","message":"A user connected","timestamp":"2024-03-29T15:06:18.021Z"}
{"level":"info","message":"A user connected","timestamp":"2024-03-29T15:06:19.357Z"}
{"level":"info","message":"A user connected","timestamp":"2024-03-29T15:06:19.364Z"}
{"level":"info","message":"A user connected","timestamp":"2024-03-29T15:06:20.909Z"}
{"level":"info","message":"A user connected","timestamp":"2024-03-29T15:06:20.918Z"}
{"level":"info","message":"A user connected","timestamp":"2024-03-29T15:06:22.438Z"}
{"level":"info","message":"A user connected","timestamp":"2024-03-29T15:06:22.443Z"}
{"level":"info","message":"A user connected","timestamp":"2024-03-29T15:06:24.093Z"}
{"level":"info","message":"A user connected","timestamp":"2024-03-29T15:06:24.104Z"}
{"level":"info","message":"A user connected","timestamp":"2024-03-29T15:06:27.372Z"}
{"level":"info","message":"A user connected","timestamp":"2024-03-29T15:06:27.382Z"}
{"level":"info","message":"A user connected","timestamp":"2024-03-29T15:06:30.362Z"}
{"level":"info","message":"A user connected","timestamp":"2024-03-29T15:06:30.368Z"}
{"level":"info","message":"A user connected","timestamp":"2024-03-29T15:06:32.627Z"}
{"level":"info","message":"A user connected","timestamp":"2024-03-29T15:06:32.675Z"}
{"level":"info","message":"A user connected","timestamp":"2024-03-29T15:06:33.152Z"}
{"level":"info","message":"A user connected","timestamp":"2024-03-29T15:06:33.208Z"}
{"level":"info","message":"A user connected","timestamp":"2024-03-29T15:06:36.092Z"}
{"level":"info","message":"A user connected","timestamp":"2024-03-29T15:06:36.107Z"}
{"level":"info","message":"A user connected","timestamp":"2024-03-29T15:06:37.413Z"}
{"level":"info","message":"A user connected","timestamp":"2024-03-29T15:06:37.420Z"}
{"level":"info","message":"A user connected","timestamp":"2024-03-29T15:06:40.108Z"}
{"level":"info","message":"A user connected","timestamp":"2024-03-29T15:06:40.973Z"}
{"level":"info","message":"A user connected","timestamp":"2024-03-29T15:06:42.045Z"}
{"level":"info","message":"A user connected","timestamp":"2024-03-29T15:06:42.058Z"}
{"level":"info","message":"A user connected","timestamp":"2024-03-29T15:06:43.099Z"}
{"level":"info","message":"A user connected","timestamp":"2024-03-29T15:06:43.263Z"}
{"level":"info","message":"A user connected","timestamp":"2024-03-29T15:06:43.870Z"}
{"level":"info","message":"A user connected","timestamp":"2024-03-29T15:06:43.950Z"}
{"level":"info","message":"A user connected","timestamp":"2024-03-29T15:06:51.762Z"}
{"level":"info","message":"A user connected","timestamp":"2024-03-29T15:06:53.487Z"}
{"level":"info","message":"A user connected","timestamp":"2024-03-29T15:06:53.491Z"}
{"level":"info","message":"A user connected","timestamp":"2024-03-29T15:06:53.740Z"}
{"level":"info","message":"A user connected","timestamp":"2024-03-29T15:06:55.605Z"}
{"level":"info","message":"A user connected","timestamp":"2024-03-29T15:06:55.737Z"}
{"level":"info","message":"A user connected","timestamp":"2024-03-29T15:06:56.028Z"}
{"level":"info","message":"A user connected","timestamp":"2024-03-29T15:06:56.663Z"}
{"level":"info","message":"A user connected","timestamp":"2024-03-29T15:06:56.676Z"}
{"level":"info","message":"A user connected","timestamp":"2024-03-29T15:06:56.930Z"}
{"level":"info","message":"A user connected","timestamp":"2024-03-29T15:06:57.989Z"}
{"level":"info","message":"A user connected","timestamp":"2024-03-29T15:06:58.012Z"}
{"level":"info","message":"A user connected","timestamp":"2024-03-29T15:06:59.838Z"}
{"level":"info","message":"A user connected","timestamp":"2024-03-29T15:06:59.872Z"}
{"level":"info","message":"A user connected","timestamp":"2024-03-29T15:07:02.240Z"}
{"level":"info","message":"A user connected","timestamp":"2024-03-29T15:07:02.259Z"}
{"level":"info","message":"A user connected","timestamp":"2024-03-29T15:07:03.744Z"}
{"level":"info","message":"A user connected","timestamp":"2024-03-29T15:07:03.757Z"}
{"level":"info","message":"A user connected","timestamp":"2024-03-29T15:07:06.530Z"}
{"level":"info","message":"A user connected","timestamp":"2024-03-29T15:07:06.539Z"}
{"level":"info","message":"A user connected","timestamp":"2024-03-29T15:07:09.122Z"}
{"level":"info","message":"A user connected","timestamp":"2024-03-29T15:07:09.131Z"}
{"level":"info","message":"A user connected","timestamp":"2024-03-29T15:10:35.433Z"}
{"level":"info","message":"A user connected","timestamp":"2024-03-29T15:10:35.838Z"}
{"level":"info","message":"A user connected","timestamp":"2024-03-29T15:10:36.063Z"}
{"level":"info","message":"A user connected","timestamp":"2024-03-29T15:10:36.135Z"}
{"level":"info","message":"A user connected","timestamp":"2024-03-29T15:10:38.242Z"}
{"level":"info","message":"A user connected","timestamp":"2024-03-29T15:10:38.260Z"}
{"level":"info","message":"A user connected","timestamp":"2024-03-29T15:10:56.912Z"}
{"level":"info","message":"A user connected","timestamp":"2024-03-29T15:10:57.266Z"}
{"level":"info","message":"A user connected","timestamp":"2024-03-29T15:10:58.354Z"}
{"level":"info","message":"A user connected","timestamp":"2024-03-29T15:10:58.361Z"}
{"level":"info","message":"A user connected","timestamp":"2024-03-29T15:11:00.601Z"}
{"level":"info","message":"A user connected","timestamp":"2024-03-29T15:11:00.636Z"}
{"level":"info","message":"A user connected","timestamp":"2024-03-29T15:11:02.127Z"}
{"level":"info","message":"A user connected","timestamp":"2024-03-29T15:11:02.244Z"}
{"level":"info","message":"A user connected","timestamp":"2024-03-29T15:11:14.991Z"}
{"level":"info","message":"A user connected","timestamp":"2024-03-29T15:11:15.288Z"}
{"level":"info","message":"A user connected","timestamp":"2024-03-29T15:11:17.148Z"}
{"level":"info","message":"A user connected","timestamp":"2024-03-29T15:11:17.565Z"}
{"level":"info","message":"A user connected","timestamp":"2024-03-29T15:11:27.538Z"}
{"level":"info","message":"A user connected","timestamp":"2024-03-29T15:11:27.841Z"}
{"level":"info","message":"A user connected","timestamp":"2024-03-29T15:11:29.000Z"}
{"level":"info","message":"A user connected","timestamp":"2024-03-29T15:11:30.399Z"}
{"level":"info","message":"A user connected","timestamp":"2024-03-29T15:11:30.828Z"}
{"level":"info","message":"A user connected","timestamp":"2024-03-29T15:11:31.557Z"}
{"level":"info","message":"A user connected","timestamp":"2024-03-29T15:11:31.571Z"}
{"level":"info","message":"A user connected","timestamp":"2024-03-29T15:11:31.704Z"}
{"level":"info","message":"A user connected","timestamp":"2024-03-29T15:12:04.367Z"}
{"level":"info","message":"A user connected","timestamp":"2024-03-29T15:12:04.383Z"}
{"level":"info","message":"A user connected","timestamp":"2024-03-29T15:12:31.343Z"}
{"level":"info","message":"A user connected","timestamp":"2024-03-29T15:12:31.353Z"}
{"level":"info","message":"A user disconnected","timestamp":"2024-03-29T15:12:36.113Z"}
{"level":"info","message":"A user disconnected","timestamp":"2024-03-29T15:12:36.119Z"}
{"level":"info","message":"A user disconnected","timestamp":"2024-03-29T15:12:36.120Z"}
{"level":"info","message":"A user disconnected","timestamp":"2024-03-29T15:12:36.121Z"}
{"level":"info","message":"A user disconnected","timestamp":"2024-03-29T15:12:36.124Z"}
{"level":"info","message":"A user disconnected","timestamp":"2024-03-29T15:12:36.140Z"}
{"level":"info","message":"A user disconnected","timestamp":"2024-03-29T15:12:36.142Z"}
{"level":"info","message":"A user disconnected","timestamp":"2024-03-29T15:12:36.143Z"}
{"level":"info","message":"A user disconnected","timestamp":"2024-03-29T15:12:36.144Z"}
{"level":"info","message":"A user disconnected","timestamp":"2024-03-29T15:12:36.145Z"}
{"level":"info","message":"A user disconnected","timestamp":"2024-03-29T15:12:36.146Z"}
{"level":"info","message":"A user disconnected","timestamp":"2024-03-29T15:12:36.146Z"}
{"level":"info","message":"A user disconnected","timestamp":"2024-03-29T15:12:36.147Z"}
{"level":"info","message":"A user disconnected","timestamp":"2024-03-29T15:12:36.148Z"}
{"level":"info","message":"A user disconnected","timestamp":"2024-03-29T15:12:36.150Z"}
{"level":"info","message":"A user disconnected","timestamp":"2024-03-29T15:12:36.152Z"}
{"level":"info","message":"A user disconnected","timestamp":"2024-03-29T15:12:36.156Z"}
{"level":"info","message":"A user disconnected","timestamp":"2024-03-29T15:12:36.157Z"}
{"level":"info","message":"A user disconnected","timestamp":"2024-03-29T15:12:36.159Z"}
{"level":"info","message":"A user disconnected","timestamp":"2024-03-29T15:12:36.160Z"}
{"level":"info","message":"A user disconnected","timestamp":"2024-03-29T15:12:36.161Z"}
{"level":"info","message":"A user disconnected","timestamp":"2024-03-29T15:12:36.224Z"}
{"level":"info","message":"A user disconnected","timestamp":"2024-03-29T15:12:36.226Z"}
{"level":"info","message":"A user disconnected","timestamp":"2024-03-29T15:12:36.227Z"}
{"level":"info","message":"A user disconnected","timestamp":"2024-03-29T15:12:36.228Z"}
{"level":"info","message":"A user disconnected","timestamp":"2024-03-29T15:12:36.229Z"}
{"level":"info","message":"A user disconnected","timestamp":"2024-03-29T15:12:36.229Z"}
{"level":"info","message":"A user disconnected","timestamp":"2024-03-29T15:12:36.230Z"}
{"level":"info","message":"A user disconnected","timestamp":"2024-03-29T15:12:36.231Z"}
{"level":"info","message":"A user disconnected","timestamp":"2024-03-29T15:12:36.232Z"}
{"level":"info","message":"A user disconnected","timestamp":"2024-03-29T15:12:36.234Z"}
{"level":"info","message":"A user disconnected","timestamp":"2024-03-29T15:12:36.235Z"}
{"level":"info","message":"A user disconnected","timestamp":"2024-03-29T15:12:36.236Z"}
{"level":"info","message":"A user disconnected","timestamp":"2024-03-29T15:12:36.239Z"}
{"level":"info","message":"A user disconnected","timestamp":"2024-03-29T15:12:36.245Z"}
{"level":"info","message":"A user disconnected","timestamp":"2024-03-29T15:12:36.247Z"}
{"level":"info","message":"A user disconnected","timestamp":"2024-03-29T15:12:36.253Z"}
{"level":"info","message":"A user disconnected","timestamp":"2024-03-29T15:12:36.255Z"}
{"level":"info","message":"A user disconnected","timestamp":"2024-03-29T15:12:36.259Z"}
{"level":"info","message":"A user disconnected","timestamp":"2024-03-29T15:12:36.263Z"}
{"level":"info","message":"A user disconnected","timestamp":"2024-03-29T15:12:36.264Z"}
{"level":"info","message":"A user disconnected","timestamp":"2024-03-29T15:12:36.266Z"}
{"level":"info","message":"A user disconnected","timestamp":"2024-03-29T15:12:36.278Z"}
{"level":"info","message":"A user disconnected","timestamp":"2024-03-29T15:12:36.279Z"}
{"level":"info","message":"A user disconnected","timestamp":"2024-03-29T15:12:36.281Z"}
{"level":"info","message":"A user disconnected","timestamp":"2024-03-29T15:12:36.284Z"}
{"level":"info","message":"A user disconnected","timestamp":"2024-03-29T15:12:36.286Z"}
{"level":"info","message":"A user disconnected","timestamp":"2024-03-29T15:12:36.291Z"}
{"level":"info","message":"A user disconnected","timestamp":"2024-03-29T15:12:36.312Z"}
{"level":"info","message":"A user disconnected","timestamp":"2024-03-29T15:12:36.320Z"}
{"level":"info","message":"A user disconnected","timestamp":"2024-03-29T15:12:36.322Z"}
{"level":"info","message":"A user disconnected","timestamp":"2024-03-29T15:12:36.323Z"}
{"level":"info","message":"A user disconnected","timestamp":"2024-03-29T15:12:36.329Z"}
{"level":"info","message":"A user disconnected","timestamp":"2024-03-29T15:12:36.330Z"}
{"level":"info","message":"A user disconnected","timestamp":"2024-03-29T15:12:36.333Z"}
{"level":"info","message":"A user disconnected","timestamp":"2024-03-29T15:12:36.336Z"}
{"level":"info","message":"A user disconnected","timestamp":"2024-03-29T15:12:36.342Z"}
{"level":"info","message":"A user disconnected","timestamp":"2024-03-29T15:12:36.344Z"}
{"level":"info","message":"A user disconnected","timestamp":"2024-03-29T15:12:36.346Z"}
{"level":"info","message":"A user disconnected","timestamp":"2024-03-29T15:12:36.347Z"}
{"level":"info","message":"A user disconnected","timestamp":"2024-03-29T15:12:36.352Z"}
{"level":"info","message":"A user disconnected","timestamp":"2024-03-29T15:12:36.355Z"}
{"level":"info","message":"A user disconnected","timestamp":"2024-03-29T15:12:36.358Z"}
{"level":"info","message":"A user disconnected","timestamp":"2024-03-29T15:12:36.359Z"}
{"level":"info","message":"A user disconnected","timestamp":"2024-03-29T15:12:36.361Z"}
{"level":"info","message":"A user disconnected","timestamp":"2024-03-29T15:12:36.362Z"}
{"level":"info","message":"A user disconnected","timestamp":"2024-03-29T15:12:36.362Z"}
{"level":"info","message":"A user disconnected","timestamp":"2024-03-29T15:12:36.363Z"}
{"level":"info","message":"A user disconnected","timestamp":"2024-03-29T15:12:36.364Z"}
{"level":"info","message":"A user connected","timestamp":"2024-03-29T15:12:36.686Z"}
{"level":"info","message":"A user connected","timestamp":"2024-03-29T15:14:41.482Z"}
{"level":"info","message":"A user connected","timestamp":"2024-03-29T15:14:41.503Z"}
{"level":"info","message":"A user connected","timestamp":"2024-03-29T15:14:43.150Z"}
{"level":"info","message":"A user connected","timestamp":"2024-03-29T15:14:43.159Z"}
{"level":"info","message":"A user connected","timestamp":"2024-03-29T15:14:46.159Z"}
{"level":"info","message":"A user connected","timestamp":"2024-03-29T15:14:46.168Z"}
{"level":"info","message":"A user connected","timestamp":"2024-03-29T15:14:55.513Z"}
{"level":"info","message":"A user connected","timestamp":"2024-03-29T15:14:55.565Z"}
{"level":"info","message":"A user connected","timestamp":"2024-03-29T15:14:57.434Z"}
{"level":"info","message":"A user connected","timestamp":"2024-03-29T15:14:57.650Z"}
{"level":"info","message":"A user connected","timestamp":"2024-03-29T15:14:58.614Z"}
{"level":"info","message":"A user connected","timestamp":"2024-03-29T15:14:58.634Z"}
{"level":"info","message":"A user connected","timestamp":"2024-03-29T15:15:16.740Z"}
{"level":"info","message":"A user connected","timestamp":"2024-03-29T15:15:16.762Z"}
{"level":"info","message":"A user connected","timestamp":"2024-03-29T15:15:18.827Z"}
{"level":"info","message":"A user connected","timestamp":"2024-03-29T15:15:18.833Z"}
{"level":"info","message":"A user connected","timestamp":"2024-03-29T15:15:19.875Z"}
{"level":"info","message":"A user connected","timestamp":"2024-03-29T15:15:19.890Z"}
{"level":"info","message":"A user connected","timestamp":"2024-03-29T15:15:20.823Z"}
{"level":"info","message":"A user connected","timestamp":"2024-03-29T15:15:20.838Z"}
{"level":"info","message":"A user connected","timestamp":"2024-03-29T15:15:21.876Z"}
{"level":"info","message":"A user connected","timestamp":"2024-03-29T15:15:21.890Z"}
{"level":"info","message":"A user connected","timestamp":"2024-03-29T15:19:21.735Z"}
{"level":"info","message":"A user connected","timestamp":"2024-03-29T15:19:21.749Z"}
{"level":"info","message":"A user disconnected","timestamp":"2024-03-29T15:21:31.749Z"}
{"level":"info","message":"A user disconnected","timestamp":"2024-03-29T15:21:31.754Z"}
{"level":"info","message":"A user disconnected","timestamp":"2024-03-29T15:21:31.755Z"}
{"level":"info","message":"A user disconnected","timestamp":"2024-03-29T15:21:31.756Z"}
{"level":"info","message":"A user disconnected","timestamp":"2024-03-29T15:21:31.758Z"}
{"level":"info","message":"A user disconnected","timestamp":"2024-03-29T15:21:31.760Z"}
{"level":"info","message":"A user disconnected","timestamp":"2024-03-29T15:21:31.762Z"}
{"level":"info","message":"A user disconnected","timestamp":"2024-03-29T15:21:31.763Z"}
{"level":"info","message":"A user disconnected","timestamp":"2024-03-29T15:21:31.767Z"}
{"level":"info","message":"A user disconnected","timestamp":"2024-03-29T15:21:31.768Z"}
{"level":"info","message":"A user disconnected","timestamp":"2024-03-29T15:21:31.770Z"}
{"level":"info","message":"A user disconnected","timestamp":"2024-03-29T15:21:31.772Z"}
{"level":"info","message":"A user disconnected","timestamp":"2024-03-29T15:21:31.773Z"}
{"level":"info","message":"A user connected","timestamp":"2024-03-29T15:21:32.176Z"}
{"level":"info","message":"A user connected","timestamp":"2024-03-29T15:22:40.704Z"}
{"level":"info","message":"A user connected","timestamp":"2024-03-29T15:22:40.722Z"}
{"level":"info","message":"A user connected","timestamp":"2024-03-29T15:22:42.117Z"}
{"level":"info","message":"A user connected","timestamp":"2024-03-29T15:22:42.123Z"}
{"level":"info","message":"A user disconnected","timestamp":"2024-03-29T15:28:22.249Z"}
{"level":"info","message":"A user disconnected","timestamp":"2024-03-29T15:28:22.252Z"}
{"level":"info","message":"A user disconnected","timestamp":"2024-03-29T15:28:22.252Z"}
{"level":"info","message":"A user connected","timestamp":"2024-03-29T15:28:22.650Z"}
{"level":"info","message":"A user connected","timestamp":"2024-03-29T15:32:31.258Z"}
{"level":"info","message":"A user connected","timestamp":"2024-03-29T15:32:31.579Z"}
{"level":"info","message":"A user connected","timestamp":"2024-03-29T15:32:33.119Z"}
{"level":"info","message":"A user connected","timestamp":"2024-03-29T15:32:33.123Z"}
{"level":"info","message":"A user connected","timestamp":"2024-03-29T15:32:36.368Z"}
{"level":"info","message":"A user connected","timestamp":"2024-03-29T15:32:36.378Z"}
{"level":"info","message":"A user connected","timestamp":"2024-03-29T15:32:38.198Z"}
{"level":"info","message":"A user connected","timestamp":"2024-03-29T15:32:38.213Z"}
{"level":"info","message":"A user disconnected","timestamp":"2024-03-29T15:33:51.874Z"}
{"level":"info","message":"A user disconnected","timestamp":"2024-03-29T15:33:51.883Z"}
{"level":"info","message":"A user disconnected","timestamp":"2024-03-29T15:33:51.884Z"}
{"level":"info","message":"A user disconnected","timestamp":"2024-03-29T15:33:51.885Z"}
{"level":"info","message":"A user disconnected","timestamp":"2024-03-29T15:33:51.886Z"}
{"level":"info","message":"A user connected","timestamp":"2024-03-29T15:33:52.279Z"}
